<?xml version="1.0" encoding="UTF-8"?>
<testng-results skipped="0" failed="0" ignored="0" total="1" passed="1">
  <reporter-output>
    <line>
      <![CDATA[navigating to url: https://www.aircanada.com/ca/en/aco/home.html]]>
    </line>
    <line>
      <![CDATA[Clicking Language button]]>
    </line>
  </reporter-output>
  <suite name="Default suite" duration-ms="43355" started-at="2019-07-15T03:34:38Z" finished-at="2019-07-15T03:35:22Z">
    <groups>
    </groups>
    <test name="Default test" duration-ms="43355" started-at="2019-07-15T03:34:38Z" finished-at="2019-07-15T03:35:22Z">
      <class name="tests.FlightsTests">
        <test-method status="PASS" signature="setup()[pri:0, instance:tests.FlightsTests@8bd1b6a]" name="setup" is-config="true" duration-ms="10210" started-at="2019-07-15T03:34:38Z" finished-at="2019-07-15T03:34:49Z">
          <reporter-output>
          </reporter-output>
        </test-method> <!-- setup -->
        <test-method status="PASS" signature="testFlight()[pri:0, instance:tests.FlightsTests@8bd1b6a]" name="testFlight" duration-ms="32696" started-at="2019-07-15T03:34:49Z" finished-at="2019-07-15T03:35:21Z">
          <reporter-output>
            <line>
              <![CDATA[navigating to url: https://www.aircanada.com/ca/en/aco/home.html]]>
            </line>
            <line>
              <![CDATA[Clicking Language button]]>
            </line>
          </reporter-output>
        </test-method> <!-- testFlight -->
        <test-method status="PASS" signature="tearDown()[pri:0, instance:tests.FlightsTests@8bd1b6a]" name="tearDown" is-config="true" duration-ms="419" started-at="2019-07-15T03:35:21Z" finished-at="2019-07-15T03:35:22Z">
          <reporter-output>
          </reporter-output>
        </test-method> <!-- tearDown -->
      </class> <!-- tests.FlightsTests -->
    </test> <!-- Default test -->
  </suite> <!-- Default suite -->
</testng-results>
